C:\_ppalasz\Test\PayPal\PayPal.Web.Client\ClientApp\dist\out-tsc\src\app\app.component.js
C:\_ppalasz\Test\PayPal\PayPal.Web.Client\ClientApp\dist\out-tsc\src\app\app.component.js.map
C:\_ppalasz\Test\PayPal\PayPal.Web.Client\ClientApp\dist\out-tsc\src\app\app.module.js
C:\_ppalasz\Test\PayPal\PayPal.Web.Client\ClientApp\dist\out-tsc\src\app\app.module.js.map
C:\_ppalasz\Test\PayPal\PayPal.Web.Client\ClientApp\dist\out-tsc\src\environments\environment.js
C:\_ppalasz\Test\PayPal\PayPal.Web.Client\ClientApp\dist\out-tsc\src\environments\environment.js.map
C:\_ppalasz\Test\PayPal\PayPal.Web.Client\ClientApp\dist\out-tsc\src\main.js
C:\_ppalasz\Test\PayPal\PayPal.Web.Client\ClientApp\dist\out-tsc\src\main.js.map
C:\_ppalasz\Test\PayPal\PayPal.Web.Client\ClientApp\dist\out-tsc\src\polyfills.js
C:\_ppalasz\Test\PayPal\PayPal.Web.Client\ClientApp\dist\out-tsc\src\polyfills.js.map
C:\_ppalasz\Test\PayPal\PayPal.Web.Client\ClientApp\dist\out-tsc\src\test.js
C:\_ppalasz\Test\PayPal\PayPal.Web.Client\ClientApp\dist\out-tsc\src\test.js.map
C:\_ppalasz\Test\PayPal\PayPal.Web.Client\ClientApp\dist\out-tsc\e2e\src\app.po.js
C:\_ppalasz\Test\PayPal\PayPal.Web.Client\ClientApp\dist\out-tsc\e2e\src\app.po.js.map
C:\_ppalasz\Test\PayPal\PayPal.Web.Client\ClientApp\dist\out-tsc\e2e\src\app.e2e-spec.js
C:\_ppalasz\Test\PayPal\PayPal.Web.Client\ClientApp\dist\out-tsc\e2e\src\app.e2e-spec.js.map
C:\_ppalasz\Test\PayPal\PayPal.Web.Client\ClientApp\dist\out-tsc\src\app\app.component.spec.js
C:\_ppalasz\Test\PayPal\PayPal.Web.Client\ClientApp\dist\out-tsc\src\app\app.component.spec.js.map
C:\_ppalasz\Test\PayPal\PayPal.Web.Client\ClientApp\dist\out-tsc\src\environments\environment.prod.js
C:\_ppalasz\Test\PayPal\PayPal.Web.Client\ClientApp\dist\out-tsc\src\environments\environment.prod.js.map
